<testsuites disabled="0" errors="1" failures="0" tests="27" time="2156.2896633148193"><testsuite disabled="0" errors="1" failures="0" name="Convert Notebooks" skipped="0" tests="27" time="2156.2896633148193"><testcase classname="interm tesscut requests" name="Execution" time="19.545891" /><testcase classname="beginner tour lc tp" name="Execution" time="10.546550" /><testcase classname="beginner tic search hd209458" name="Execution" time="6.555747" /><testcase classname="beginner how to use lc" name="Execution" time="6.644329" /><testcase classname="interm gi query" name="Execution" time="8.653058" /><testcase classname="beginner how to use tp" name="Execution" time="7.588636" /><testcase classname="interm tesscut astroquery" name="Execution" time="9.786155" /><testcase classname="beginner tess exomast" name="Execution" time="12.680689" /><testcase classname="beginner how to use dvt" name="Execution" time="7.439263" /><testcase classname="beginner how to use ffi" name="Execution" time="7.752003" /><testcase classname="tesscut dss overlay" name="Execution" time="18.792341" /><testcase classname="kepler ffi" name="Execution" time="18.587972" /><testcase classname="kepler tpf" name="Execution" time="11.678953" /><testcase classname="kepler dvt" name="Execution" time="6.642568" /><testcase classname="kepler lightcurve" name="Execution" time="9.559633" /><testcase classname="HSC TAP" name="Execution" time="68.066682" /><testcase classname="PS1 DR2 TAP" name="Execution" time="56.934369" /><testcase classname="align to catalogs" name="Execution" time="147.314461" /><testcase classname="drizzle wfpc2" name="Execution" time="154.140786" /><testcase classname="use ds9 regions in tweakreg" name="Execution" time="98.700357" /><testcase classname="align multiple visits" name="Execution" time="284.833078" /><testcase classname="align sparse fields" name="Execution" time="228.563329" /><testcase classname="Initialization" name="Execution" time="7.867848"><error message="An error occurred while executing the following cell:&#10;------------------&#10;obs_table = Observations.query_criteria(obs_id='ib2j02n5qAAAAAAA', obstype='all')&#10;download_tab = Observations.download_products(obs_table['obsid'], mrp_only=False, &#10;                                              productSubGroupDescription=['FLC'])&#10;------------------&#10;&#10;[0;31m---------------------------------------------------------------------------[0m&#10;[0;31mValueError[0m                                Traceback (most recent call last)&#10;[0;32m&lt;ipython-input-2-8c8103d5057f&gt;[0m in [0;36m&lt;module&gt;[0;34m[0m&#10;[1;32m      1[0m [0mobs_table[0m [0;34m=[0m [0mObservations[0m[0;34m.[0m[0mquery_criteria[0m[0;34m([0m[0mobs_id[0m[0;34m=[0m[0;34m'ib2j02n5qAAAAAAA'[0m[0;34m,[0m [0mobstype[0m[0;34m=[0m[0;34m'all'[0m[0;34m)[0m[0;34m[0m[0;34m[0m[0m&#10;[1;32m      2[0m download_tab = Observations.download_products(obs_table['obsid'], mrp_only=False, &#10;[0;32m----&gt; 3[0;31m                                               productSubGroupDescription=['FLC'])&#10;[0m&#10;[0;32m~/miniconda3/envs/notebooks/lib/python3.6/site-packages/astroquery/mast/core.py[0m in [0;36mdownload_products[0;34m(self, products, download_dir, cache, curl_flag, mrp_only, **filters)[0m&#10;[1;32m   1740[0m                 [0mproductLists[0m[0;34m.[0m[0mappend[0m[0;34m([0m[0mself[0m[0;34m.[0m[0mget_product_list[0m[0;34m([0m[0moid[0m[0;34m)[0m[0;34m)[0m[0;34m[0m[0;34m[0m[0m&#10;[1;32m   1741[0m [0;34m[0m[0m&#10;[0;32m-&gt; 1742[0;31m             [0mproducts[0m [0;34m=[0m [0mvstack[0m[0;34m([0m[0mproductLists[0m[0;34m)[0m[0;34m[0m[0;34m[0m[0m&#10;[0m[1;32m   1743[0m [0;34m[0m[0m&#10;[1;32m   1744[0m         [0;31m# apply filters[0m[0;34m[0m[0;34m[0m[0;34m[0m[0m&#10;&#10;[0;32m~/miniconda3/envs/notebooks/lib/python3.6/site-packages/astropy/table/operations.py[0m in [0;36mvstack[0;34m(tables, join_type, metadata_conflicts)[0m&#10;[1;32m    285[0m         [0;36m6[0m   [0;36m8[0m[0;34m[0m[0;34m[0m[0m&#10;[1;32m    286[0m     &quot;&quot;&quot;&#10;[0;32m--&gt; 287[0;31m     [0mtables[0m [0;34m=[0m [0m_get_list_of_tables[0m[0;34m([0m[0mtables[0m[0;34m)[0m  [0;31m# validates input[0m[0;34m[0m[0;34m[0m[0m&#10;[0m[1;32m    288[0m     [0;32mif[0m [0mlen[0m[0;34m([0m[0mtables[0m[0;34m)[0m [0;34m==[0m [0;36m1[0m[0;34m:[0m[0;34m[0m[0;34m[0m[0m&#10;[1;32m    289[0m         [0;32mreturn[0m [0mtables[0m[0;34m[[0m[0;36m0[0m[0;34m][0m  [0;31m# no point in stacking a single table[0m[0;34m[0m[0;34m[0m[0m&#10;&#10;[0;32m~/miniconda3/envs/notebooks/lib/python3.6/site-packages/astropy/table/operations.py[0m in [0;36m_get_list_of_tables[0;34m(tables)[0m&#10;[1;32m     46[0m     [0;31m# Make sure there is something to stack[0m[0;34m[0m[0;34m[0m[0;34m[0m[0m&#10;[1;32m     47[0m     [0;32mif[0m [0mlen[0m[0;34m([0m[0mtables[0m[0;34m)[0m [0;34m==[0m [0;36m0[0m[0;34m:[0m[0;34m[0m[0;34m[0m[0m&#10;[0;32m---&gt; 48[0;31m         [0;32mraise[0m [0mValueError[0m[0;34m([0m[0;34m'no values provided to stack.'[0m[0;34m)[0m[0;34m[0m[0;34m[0m[0m&#10;[0m[1;32m     49[0m [0;34m[0m[0m&#10;[1;32m     50[0m     [0;31m# Convert inputs (Table, Row, or anything column-like) to Tables.[0m[0;34m[0m[0;34m[0m[0;34m[0m[0m&#10;&#10;[0;31mValueError[0m: no values provided to stack.&#10;ValueError: no values provided to stack.&#10;" type="CellExecutionError" /></testcase><testcase classname="align mosaics" name="Execution" time="338.037037" /><testcase classname="optimize image sampling" name="Execution" time="198.388524" /><testcase classname="sky matching" name="Execution" time="236.530519" /><testcase classname="mask satellite" name="Execution" time="174.458884" /></testsuite></testsuites>